<?xml version="1.0" encoding="UTF-8"?>
<testsuite xmlns:xsi="http://www.w3.org/2001/XMLSchema-instance" xsi:noNamespaceSchemaLocation="https://maven.apache.org/surefire/maven-surefire-plugin/xsd/surefire-test-report-3.0.xsd" version="3.0" name="TestSuite" time="2.286" tests="1" errors="0" skipped="0" failures="0">
  <properties>
    <property name="java.specification.version" value="23"/>
    <property name="sun.cpu.isalist" value="amd64"/>
    <property name="sun.jnu.encoding" value="Cp1252"/>
    <property name="java.class.path" value="D:\DSP\Automation-Testing\Disbursement-Testing\api-client-testing\target\test-classes;D:\DSP\Automation-Testing\Disbursement-Testing\api-client-testing\target\classes;C:\Users\dsp-rsimontua\.m2\repository\io\rest-assured\rest-assured\5.4.0\rest-assured-5.4.0.jar;C:\Users\dsp-rsimontua\.m2\repository\org\apache\groovy\groovy\4.0.16\groovy-4.0.16.jar;C:\Users\dsp-rsimontua\.m2\repository\org\apache\groovy\groovy-xml\4.0.16\groovy-xml-4.0.16.jar;C:\Users\dsp-rsimontua\.m2\repository\org\apache\httpcomponents\httpclient\4.5.13\httpclient-4.5.13.jar;C:\Users\dsp-rsimontua\.m2\repository\org\apache\httpcomponents\httpcore\4.4.13\httpcore-4.4.13.jar;C:\Users\dsp-rsimontua\.m2\repository\commons-logging\commons-logging\1.2\commons-logging-1.2.jar;C:\Users\dsp-rsimontua\.m2\repository\org\apache\httpcomponents\httpmime\4.5.13\httpmime-4.5.13.jar;C:\Users\dsp-rsimontua\.m2\repository\org\hamcrest\hamcrest\2.2\hamcrest-2.2.jar;C:\Users\dsp-rsimontua\.m2\repository\org\ccil\cowan\tagsoup\tagsoup\1.2.1\tagsoup-1.2.1.jar;C:\Users\dsp-rsimontua\.m2\repository\io\rest-assured\json-path\5.4.0\json-path-5.4.0.jar;C:\Users\dsp-rsimontua\.m2\repository\org\apache\groovy\groovy-json\4.0.16\groovy-json-4.0.16.jar;C:\Users\dsp-rsimontua\.m2\repository\io\rest-assured\rest-assured-common\5.4.0\rest-assured-common-5.4.0.jar;C:\Users\dsp-rsimontua\.m2\repository\io\rest-assured\xml-path\5.4.0\xml-path-5.4.0.jar;C:\Users\dsp-rsimontua\.m2\repository\org\testng\testng\7.10.2\testng-7.10.2.jar;C:\Users\dsp-rsimontua\.m2\repository\org\slf4j\slf4j-api\1.7.36\slf4j-api-1.7.36.jar;C:\Users\dsp-rsimontua\.m2\repository\com\beust\jcommander\1.82\jcommander-1.82.jar;C:\Users\dsp-rsimontua\.m2\repository\org\webjars\jquery\3.7.1\jquery-3.7.1.jar;C:\Users\dsp-rsimontua\.m2\repository\com\fasterxml\jackson\core\jackson-databind\2.18.2\jackson-databind-2.18.2.jar;C:\Users\dsp-rsimontua\.m2\repository\com\fasterxml\jackson\core\jackson-annotations\2.18.2\jackson-annotations-2.18.2.jar;C:\Users\dsp-rsimontua\.m2\repository\com\fasterxml\jackson\core\jackson-core\2.18.2\jackson-core-2.18.2.jar;C:\Users\dsp-rsimontua\.m2\repository\io\qameta\allure\allure-java-commons\2.29.1\allure-java-commons-2.29.1.jar;C:\Users\dsp-rsimontua\.m2\repository\io\qameta\allure\allure-model\2.29.1\allure-model-2.29.1.jar;C:\Users\dsp-rsimontua\.m2\repository\io\qameta\allure\allure-junit4\2.29.1\allure-junit4-2.29.1.jar;C:\Users\dsp-rsimontua\.m2\repository\io\qameta\allure\allure-test-filter\2.29.1\allure-test-filter-2.29.1.jar;C:\Users\dsp-rsimontua\.m2\repository\io\qameta\allure\allure-testng\2.29.1\allure-testng-2.29.1.jar;C:\Users\dsp-rsimontua\.m2\repository\org\apache\poi\poi\5.4.1\poi-5.4.1.jar;C:\Users\dsp-rsimontua\.m2\repository\commons-codec\commons-codec\1.18.0\commons-codec-1.18.0.jar;C:\Users\dsp-rsimontua\.m2\repository\org\apache\commons\commons-math3\3.6.1\commons-math3-3.6.1.jar;C:\Users\dsp-rsimontua\.m2\repository\commons-io\commons-io\2.18.0\commons-io-2.18.0.jar;C:\Users\dsp-rsimontua\.m2\repository\com\zaxxer\SparseBitSet\1.3\SparseBitSet-1.3.jar;C:\Users\dsp-rsimontua\.m2\repository\org\apache\poi\poi-ooxml\5.4.1\poi-ooxml-5.4.1.jar;C:\Users\dsp-rsimontua\.m2\repository\org\apache\poi\poi-ooxml-lite\5.4.1\poi-ooxml-lite-5.4.1.jar;C:\Users\dsp-rsimontua\.m2\repository\com\github\virtuald\curvesapi\1.08\curvesapi-1.08.jar;C:\Users\dsp-rsimontua\.m2\repository\org\apache\logging\log4j\log4j-core\2.24.2\log4j-core-2.24.2.jar;C:\Users\dsp-rsimontua\.m2\repository\org\apache\logging\log4j\log4j-api\2.24.2\log4j-api-2.24.2.jar;C:\Users\dsp-rsimontua\.m2\repository\org\apache\commons\commons-compress\1.27.1\commons-compress-1.27.1.jar;C:\Users\dsp-rsimontua\.m2\repository\org\apache\commons\commons-lang3\3.16.0\commons-lang3-3.16.0.jar;C:\Users\dsp-rsimontua\.m2\repository\org\apache\commons\commons-collections4\4.4\commons-collections4-4.4.jar;C:\Users\dsp-rsimontua\.m2\repository\org\apache\xmlbeans\xmlbeans\5.3.0\xmlbeans-5.3.0.jar;C:\Users\dsp-rsimontua\.m2\repository\org\json\json\20250107\json-20250107.jar;"/>
    <property name="java.vm.vendor" value="Oracle Corporation"/>
    <property name="sun.arch.data.model" value="64"/>
    <property name="user.variant" value=""/>
    <property name="java.vendor.url" value="https://java.oracle.com/"/>
    <property name="user.timezone" value="Asia/Jakarta"/>
    <property name="os.name" value="Windows 11"/>
    <property name="java.vm.specification.version" value="23"/>
    <property name="sun.java.launcher" value="SUN_STANDARD"/>
    <property name="user.country" value="ID"/>
    <property name="sun.boot.library.path" value="C:\Program Files\Java\jdk-23\bin"/>
    <property name="sun.java.command" value="C:\Users\dsp-rsimontua\AppData\Local\Temp\surefire12054031748384251921\surefirebooter-20250710103008610_3.jar C:\Users\dsp-rsimontua\AppData\Local\Temp\surefire12054031748384251921 2025-07-10T10-30-08_509-jvmRun1 surefire-20250710103008610_1tmp surefire_0-20250710103008610_2tmp"/>
    <property name="jdk.debug" value="release"/>
    <property name="surefire.test.class.path" value="D:\DSP\Automation-Testing\Disbursement-Testing\api-client-testing\target\test-classes;D:\DSP\Automation-Testing\Disbursement-Testing\api-client-testing\target\classes;C:\Users\dsp-rsimontua\.m2\repository\io\rest-assured\rest-assured\5.4.0\rest-assured-5.4.0.jar;C:\Users\dsp-rsimontua\.m2\repository\org\apache\groovy\groovy\4.0.16\groovy-4.0.16.jar;C:\Users\dsp-rsimontua\.m2\repository\org\apache\groovy\groovy-xml\4.0.16\groovy-xml-4.0.16.jar;C:\Users\dsp-rsimontua\.m2\repository\org\apache\httpcomponents\httpclient\4.5.13\httpclient-4.5.13.jar;C:\Users\dsp-rsimontua\.m2\repository\org\apache\httpcomponents\httpcore\4.4.13\httpcore-4.4.13.jar;C:\Users\dsp-rsimontua\.m2\repository\commons-logging\commons-logging\1.2\commons-logging-1.2.jar;C:\Users\dsp-rsimontua\.m2\repository\org\apache\httpcomponents\httpmime\4.5.13\httpmime-4.5.13.jar;C:\Users\dsp-rsimontua\.m2\repository\org\hamcrest\hamcrest\2.2\hamcrest-2.2.jar;C:\Users\dsp-rsimontua\.m2\repository\org\ccil\cowan\tagsoup\tagsoup\1.2.1\tagsoup-1.2.1.jar;C:\Users\dsp-rsimontua\.m2\repository\io\rest-assured\json-path\5.4.0\json-path-5.4.0.jar;C:\Users\dsp-rsimontua\.m2\repository\org\apache\groovy\groovy-json\4.0.16\groovy-json-4.0.16.jar;C:\Users\dsp-rsimontua\.m2\repository\io\rest-assured\rest-assured-common\5.4.0\rest-assured-common-5.4.0.jar;C:\Users\dsp-rsimontua\.m2\repository\io\rest-assured\xml-path\5.4.0\xml-path-5.4.0.jar;C:\Users\dsp-rsimontua\.m2\repository\org\testng\testng\7.10.2\testng-7.10.2.jar;C:\Users\dsp-rsimontua\.m2\repository\org\slf4j\slf4j-api\1.7.36\slf4j-api-1.7.36.jar;C:\Users\dsp-rsimontua\.m2\repository\com\beust\jcommander\1.82\jcommander-1.82.jar;C:\Users\dsp-rsimontua\.m2\repository\org\webjars\jquery\3.7.1\jquery-3.7.1.jar;C:\Users\dsp-rsimontua\.m2\repository\com\fasterxml\jackson\core\jackson-databind\2.18.2\jackson-databind-2.18.2.jar;C:\Users\dsp-rsimontua\.m2\repository\com\fasterxml\jackson\core\jackson-annotations\2.18.2\jackson-annotations-2.18.2.jar;C:\Users\dsp-rsimontua\.m2\repository\com\fasterxml\jackson\core\jackson-core\2.18.2\jackson-core-2.18.2.jar;C:\Users\dsp-rsimontua\.m2\repository\io\qameta\allure\allure-java-commons\2.29.1\allure-java-commons-2.29.1.jar;C:\Users\dsp-rsimontua\.m2\repository\io\qameta\allure\allure-model\2.29.1\allure-model-2.29.1.jar;C:\Users\dsp-rsimontua\.m2\repository\io\qameta\allure\allure-junit4\2.29.1\allure-junit4-2.29.1.jar;C:\Users\dsp-rsimontua\.m2\repository\io\qameta\allure\allure-test-filter\2.29.1\allure-test-filter-2.29.1.jar;C:\Users\dsp-rsimontua\.m2\repository\io\qameta\allure\allure-testng\2.29.1\allure-testng-2.29.1.jar;C:\Users\dsp-rsimontua\.m2\repository\org\apache\poi\poi\5.4.1\poi-5.4.1.jar;C:\Users\dsp-rsimontua\.m2\repository\commons-codec\commons-codec\1.18.0\commons-codec-1.18.0.jar;C:\Users\dsp-rsimontua\.m2\repository\org\apache\commons\commons-math3\3.6.1\commons-math3-3.6.1.jar;C:\Users\dsp-rsimontua\.m2\repository\commons-io\commons-io\2.18.0\commons-io-2.18.0.jar;C:\Users\dsp-rsimontua\.m2\repository\com\zaxxer\SparseBitSet\1.3\SparseBitSet-1.3.jar;C:\Users\dsp-rsimontua\.m2\repository\org\apache\poi\poi-ooxml\5.4.1\poi-ooxml-5.4.1.jar;C:\Users\dsp-rsimontua\.m2\repository\org\apache\poi\poi-ooxml-lite\5.4.1\poi-ooxml-lite-5.4.1.jar;C:\Users\dsp-rsimontua\.m2\repository\com\github\virtuald\curvesapi\1.08\curvesapi-1.08.jar;C:\Users\dsp-rsimontua\.m2\repository\org\apache\logging\log4j\log4j-core\2.24.2\log4j-core-2.24.2.jar;C:\Users\dsp-rsimontua\.m2\repository\org\apache\logging\log4j\log4j-api\2.24.2\log4j-api-2.24.2.jar;C:\Users\dsp-rsimontua\.m2\repository\org\apache\commons\commons-compress\1.27.1\commons-compress-1.27.1.jar;C:\Users\dsp-rsimontua\.m2\repository\org\apache\commons\commons-lang3\3.16.0\commons-lang3-3.16.0.jar;C:\Users\dsp-rsimontua\.m2\repository\org\apache\commons\commons-collections4\4.4\commons-collections4-4.4.jar;C:\Users\dsp-rsimontua\.m2\repository\org\apache\xmlbeans\xmlbeans\5.3.0\xmlbeans-5.3.0.jar;C:\Users\dsp-rsimontua\.m2\repository\org\json\json\20250107\json-20250107.jar;"/>
    <property name="sun.cpu.endian" value="little"/>
    <property name="user.home" value="C:\Users\dsp-rsimontua"/>
    <property name="user.language" value="en"/>
    <property name="java.specification.vendor" value="Oracle Corporation"/>
    <property name="java.version.date" value="2024-10-15"/>
    <property name="java.home" value="C:\Program Files\Java\jdk-23"/>
    <property name="file.separator" value="\"/>
    <property name="basedir" value="D:\DSP\Automation-Testing\Disbursement-Testing\api-client-testing"/>
    <property name="java.vm.compressedOopsMode" value="32-bit"/>
    <property name="line.separator" value="&#10;"/>
    <property name="java.vm.specification.vendor" value="Oracle Corporation"/>
    <property name="java.specification.name" value="Java Platform API Specification"/>
    <property name="surefire.real.class.path" value="C:\Users\dsp-rsimontua\AppData\Local\Temp\surefire12054031748384251921\surefirebooter-20250710103008610_3.jar"/>
    <property name="user.script" value=""/>
    <property name="sun.management.compiler" value="HotSpot 64-Bit Tiered Compilers"/>
    <property name="java.runtime.version" value="23.0.1+11-39"/>
    <property name="user.name" value="dsp-rsimontua"/>
    <property name="stdout.encoding" value="Cp1252"/>
    <property name="path.separator" value=";"/>
    <property name="os.version" value="10.0"/>
    <property name="java.runtime.name" value="Java(TM) SE Runtime Environment"/>
    <property name="file.encoding" value="UTF-8"/>
    <property name="java.vm.name" value="Java HotSpot(TM) 64-Bit Server VM"/>
    <property name="localRepository" value="C:\Users\dsp-rsimontua\.m2\repository"/>
    <property name="java.vendor.url.bug" value="https://bugreport.java.com/bugreport/"/>
    <property name="java.io.tmpdir" value="C:\Users\DSP-RS~1\AppData\Local\Temp\"/>
    <property name="java.version" value="23.0.1"/>
    <property name="user.dir" value="D:\DSP\Automation-Testing\Disbursement-Testing\api-client-testing"/>
    <property name="os.arch" value="amd64"/>
    <property name="java.vm.specification.name" value="Java Virtual Machine Specification"/>
    <property name="sun.os.patch.level" value=""/>
    <property name="native.encoding" value="Cp1252"/>
    <property name="java.library.path" value="C:\Program Files\Java\jdk-23\bin;C:\WINDOWS\Sun\Java\bin;C:\WINDOWS\system32;C:\WINDOWS;C:\Program Files\Common Files\Oracle\Java\javapath;C:\Program Files (x86)\Common Files\Oracle\Java\javapath;C:\WINDOWS\system32;C:\WINDOWS;C:\WINDOWS\System32\Wbem;C:\WINDOWS\System32\WindowsPowerShell\v1.0\;C:\WINDOWS\System32\OpenSSH\;C:\Program Files (x86)\Sennheiser\SoftphoneSDK\;C:\Program Files (x86)\HP\Common\HPDestPlgIn\;C:\Program Files\Java\jdk-21\bin;C:\Program Files\Docker\Docker\resources\bin;C:\Program Files\Sublime Text;C:\Users\dsp-rsimontua\AppData\Local\Android\Sdk\tools\bin;C:\Users\dsp-rsimontua\AppData\Local\Android\Sdk\tools;C:\Users\dsp-rsimontua\AppData\Local\Android\Sdk\platform-tools;C:\Users\dsp-rsimontua\AppData\Local\Android\Sdk\platforms;C:\Program Files\apache-maven-3.8.8\bin;C:\Program Files\Git\cmd;C:\Program Files\Git\bin;D:\DSP\Disbursement-Testing\allure-2.33.0\allure-2.33.0\bin;C:\Android\Sdk\cmdline-tools\bin;C:\Android\Sdk\cmdline-tools\lib;C:\Android\Sdk\cmdline-tools\latest\bin;C:\Program Files\nodejs\;C:\Users\dsp-rsimontua\AppData\Local\Microsoft\WindowsApps;C:\Users\dsp-rsimontua\AppData\Local\Programs\Microsoft VS Code\bin;C:\Program Files (x86)\HP\Common\HPDestPlgIn\;C:\Users\dsp-rsimontua\AppData\Local\JetBrains\Toolbox\scripts;C:\Users\dsp-rsimontua\AppData\Local\GitHubDesktop\bin;C:\Users\dsp-rsimontua\AppData\Local\Microsoft\WindowsApps;C:\Users\dsp-rsimontua\AppData\Roaming\npm;."/>
    <property name="java.vm.info" value="mixed mode, sharing"/>
    <property name="stderr.encoding" value="Cp1252"/>
    <property name="java.vendor" value="Oracle Corporation"/>
    <property name="java.vm.version" value="23.0.1+11-39"/>
    <property name="sun.io.unicode.encoding" value="UnicodeLittle"/>
    <property name="java.class.version" value="67.0"/>
  </properties>
  <testcase name="case1" classname="tests.requestResponseValidation.testValidation" time="1.621">
    <system-out><![CDATA[INI REQUEST CASE 1
{
	"X-TIMESTAMP": "2024-06-20T11:14:24+07:00",
	"X-SIGNATURE": "ji69TEb+fRLVHWuf9ka93A99LCJZpQB0gI4t8ixwLQS0raMgdG71U25aCEJtCxNa4l3K1tkjIghUcWo22HAMMw==",
	"X-EXTERNAL-ID": "4062011148087854801",
	"X-PARTNER-ID": "0636ea90-829e-11ee-aca0-e3c0230e65f9",
	"CHANNEL-ID": "INDIVARA",
	"X-DEVICE-ID": "Mozilla"
}

{
	"partnerReferenceNo": "24062011140563260278",
	"merchantId": "998023046964160",
	"terminalId": "DSP00001",
	"amount": {
		"value": "15001.00",
		"currency": "IDR"
	},
	"additionalInfo": {
		"productType": "Purchase",
		"isWebview": false,
		"billingId": ""
	},
	"validityPeriod": "2024-06-21T11:13:45+07:00",
	"callbackUrl": ""
}
INI PISAHAN HEADER DAN BODY: 
{
	"X-TIMESTAMP": "2024-06-20T11:14:24+07:00",
	"X-SIGNATURE": "ji69TEb+fRLVHWuf9ka93A99LCJZpQB0gI4t8ixwLQS0raMgdG71U25aCEJtCxNa4l3K1tkjIghUcWo22HAMMw==",
	"X-EXTERNAL-ID": "4062011148087854801",
	"X-PARTNER-ID": "0636ea90-829e-11ee-aca0-e3c0230e65f9",
	"CHANNEL-ID": "INDIVARA",
	"X-DEVICE-ID": "Mozilla"
}
{
	"partnerReferenceNo": "24062011140563260278",
	"merchantId": "998023046964160",
	"terminalId": "DSP00001",
	"amount": {
		"value": "15001.00",
		"currency": "IDR"
	},
	"additionalInfo": {
		"productType": "Purchase",
		"isWebview": false,
		"billingId": ""
	},
	"validityPeriod": "2024-06-21T11:13:45+07:00",
	"callbackUrl": ""
}
INI X-EXTERNAL-ID NYA: 4062011148087854801
INI partnerReferenceNo NYA: 24062011140563260278
INI RESPONSE CASE 1
{
	"responseCode": "4014701",
	"responseMessage": "Invalid Token (B2B)"
}
INI RESPONSE CODE NYA: 4014701
]]></system-out>
    <system-err><![CDATA[SLF4J: Failed to load class "org.slf4j.impl.StaticLoggerBinder".
SLF4J: Defaulting to no-operation (NOP) logger implementation
SLF4J: See http://www.slf4j.org/codes.html#StaticLoggerBinder for further details.
]]></system-err>
  </testcase>
</testsuite>