<?xml version="1.0" encoding="UTF-8"?>
<!-- Generated by org.testng.reporters.JUnitReportReporter -->
<testsuite hostname="WS-RSU" failures="0" tests="1" name="tests.requestResponseValidation.testValidation" time="1.571" errors="0" timestamp="2025-07-10T10:30:11 WIB" skipped="0">
  <testcase classname="tests.requestResponseValidation.testValidation" name="case1" time="1.571"/>
</testsuite> <!-- tests.requestResponseValidation.testValidation -->
